<?xml version="1.0" encoding="UTF-8"?>
<testng-results ignored="0" total="4" passed="2" failed="1" skipped="1">
  <reporter-output>
  </reporter-output>
  <suite started-at="2023-04-11T15:44:32 IST" name="Suite" finished-at="2023-04-11T15:45:09 IST" duration-ms="36794">
    <groups>
    </groups>
    <test started-at="2023-04-11T15:44:32 IST" name="Test" finished-at="2023-04-11T15:45:09 IST" duration-ms="36794">
      <class name="Meesho_TestNG_Runner.Meesho_Shopping_Runner">
        <test-method is-config="true" signature="beforetest(java.lang.String)[pri:0, instance:Meesho_TestNG_Runner.Meesho_Shopping_Runner@1d9b7cce]" started-at="2023-04-11T15:44:32 IST" name="beforetest" finished-at="2023-04-11T15:44:37 IST" duration-ms="4495" status="PASS">
          <params>
            <param index="0">
              <value>
                <![CDATA[Chrome]]>
              </value>
            </param>
          </params>
          <reporter-output>
          </reporter-output>
        </test-method> <!-- beforetest -->
        <test-method is-config="true" signature="beforeclass()[pri:0, instance:Meesho_TestNG_Runner.Meesho_Shopping_Runner@1d9b7cce]" started-at="2023-04-11T15:44:39 IST" name="beforeclass" finished-at="2023-04-11T15:44:52 IST" duration-ms="12227" status="PASS">
          <reporter-output>
          </reporter-output>
        </test-method> <!-- beforeclass -->
        <test-method is-config="true" signature="beforeMethod()[pri:0, instance:Meesho_TestNG_Runner.Meesho_Shopping_Runner@1d9b7cce]" started-at="2023-04-11T15:44:52 IST" name="beforeMethod" finished-at="2023-04-11T15:44:52 IST" duration-ms="0" status="PASS">
          <reporter-output>
          </reporter-output>
        </test-method> <!-- beforeMethod -->
        <test-method signature="test1()[pri:0, instance:Meesho_TestNG_Runner.Meesho_Shopping_Runner@1d9b7cce]" started-at="2023-04-11T15:44:52 IST" name="test1" finished-at="2023-04-11T15:45:08 IST" duration-ms="16828" status="FAIL">
          <exception class="java.io.FileNotFoundException">
            <message>
              <![CDATA[test-output\Screenshots\Meesho_Shopping- 11-04-2023 15.45.08.jpeg (The system cannot find the path specified)]]>
            </message>
            <full-stacktrace>
              <![CDATA[java.io.FileNotFoundException: test-output\Screenshots\Meesho_Shopping- 11-04-2023 15.45.08.jpeg (The system cannot find the path specified)
at java.base/java.io.FileOutputStream.open0(Native Method)
at java.base/java.io.FileOutputStream.open(FileOutputStream.java:293)
at java.base/java.io.FileOutputStream.<init>(FileOutputStream.java:235)
at java.base/java.io.FileOutputStream.<init>(FileOutputStream.java:184)
at org.openqa.selenium.io.FileHandler.copyFile(FileHandler.java:138)
at org.openqa.selenium.io.FileHandler.copy(FileHandler.java:117)
at Utility_Classes.Util1.screenshot(Util1.java:28)
at Meesho_TestNG_Runner.Meesho_Shopping_Runner.test1(Meesho_Shopping_Runner.java:71)
at java.base/jdk.internal.reflect.DirectMethodHandleAccessor.invoke(DirectMethodHandleAccessor.java:104)
at java.base/java.lang.reflect.Method.invoke(Method.java:577)
at org.testng.internal.invokers.MethodInvocationHelper.invokeMethod(MethodInvocationHelper.java:135)
at org.testng.internal.invokers.TestInvoker.invokeMethod(TestInvoker.java:673)
at org.testng.internal.invokers.TestInvoker.invokeTestMethod(TestInvoker.java:220)
at org.testng.internal.invokers.MethodRunner.runInSequence(MethodRunner.java:50)
at org.testng.internal.invokers.TestInvoker$MethodInvocationAgent.invoke(TestInvoker.java:945)
at org.testng.internal.invokers.TestInvoker.invokeTestMethods(TestInvoker.java:193)
at org.testng.internal.invokers.TestMethodWorker.invokeTestMethods(TestMethodWorker.java:146)
at org.testng.internal.invokers.TestMethodWorker.run(TestMethodWorker.java:128)
at java.base/java.util.concurrent.ThreadPoolExecutor.runWorker(ThreadPoolExecutor.java:1136)
at java.base/java.util.concurrent.ThreadPoolExecutor$Worker.run(ThreadPoolExecutor.java:635)
at java.base/java.lang.Thread.run(Thread.java:833)
]]>
            </full-stacktrace>
          </exception> <!-- java.io.FileNotFoundException -->
          <reporter-output>
          </reporter-output>
        </test-method> <!-- test1 -->
        <test-method is-config="true" signature="aftermethod(org.testng.ITestResult)[pri:0, instance:Meesho_TestNG_Runner.Meesho_Shopping_Runner@1d9b7cce]" started-at="2023-04-11T15:45:08 IST" name="aftermethod" finished-at="2023-04-11T15:45:09 IST" duration-ms="275" status="FAIL">
          <params>
            <param index="0">
              <value>
                <![CDATA[[TestResult name=test1 status=FAILURE method=Meesho_Shopping_Runner.test1()[pri:0, instance:Meesho_TestNG_Runner.Meesho_Shopping_Runner@1d9b7cce] output={null}]]]>
              </value>
            </param>
          </params>
          <exception class="java.io.FileNotFoundException">
            <message>
              <![CDATA[test-output\Screenshots\Rutu- 11-04-2023 15.45.08.jpeg (The system cannot find the path specified)]]>
            </message>
            <full-stacktrace>
              <![CDATA[java.io.FileNotFoundException: test-output\Screenshots\Rutu- 11-04-2023 15.45.08.jpeg (The system cannot find the path specified)
at java.base/java.io.FileOutputStream.open0(Native Method)
at java.base/java.io.FileOutputStream.open(FileOutputStream.java:293)
at java.base/java.io.FileOutputStream.<init>(FileOutputStream.java:235)
at java.base/java.io.FileOutputStream.<init>(FileOutputStream.java:184)
at org.openqa.selenium.io.FileHandler.copyFile(FileHandler.java:138)
at org.openqa.selenium.io.FileHandler.copy(FileHandler.java:117)
at Utility_Classes.Util1.screenshot(Util1.java:28)
at Meesho_TestNG_Runner.Meesho_Shopping_Runner.aftermethod(Meesho_Shopping_Runner.java:88)
at java.base/jdk.internal.reflect.DirectMethodHandleAccessor.invoke(DirectMethodHandleAccessor.java:104)
at java.base/java.lang.reflect.Method.invoke(Method.java:577)
at org.testng.internal.invokers.MethodInvocationHelper.invokeMethod(MethodInvocationHelper.java:135)
at org.testng.internal.invokers.MethodInvocationHelper.invokeMethodConsideringTimeout(MethodInvocationHelper.java:65)
at org.testng.internal.invokers.ConfigInvoker.invokeConfigurationMethod(ConfigInvoker.java:381)
at org.testng.internal.invokers.ConfigInvoker.invokeConfigurations(ConfigInvoker.java:319)
at org.testng.internal.invokers.TestInvoker.runConfigMethods(TestInvoker.java:803)
at org.testng.internal.invokers.TestInvoker.runAfterConfigurations(TestInvoker.java:772)
at org.testng.internal.invokers.TestInvoker.invokeMethod(TestInvoker.java:748)
at org.testng.internal.invokers.TestInvoker.invokeTestMethod(TestInvoker.java:220)
at org.testng.internal.invokers.MethodRunner.runInSequence(MethodRunner.java:50)
at org.testng.internal.invokers.TestInvoker$MethodInvocationAgent.invoke(TestInvoker.java:945)
at org.testng.internal.invokers.TestInvoker.invokeTestMethods(TestInvoker.java:193)
at org.testng.internal.invokers.TestMethodWorker.invokeTestMethods(TestMethodWorker.java:146)
at org.testng.internal.invokers.TestMethodWorker.run(TestMethodWorker.java:128)
at java.base/java.util.concurrent.ThreadPoolExecutor.runWorker(ThreadPoolExecutor.java:1136)
at java.base/java.util.concurrent.ThreadPoolExecutor$Worker.run(ThreadPoolExecutor.java:635)
at java.base/java.lang.Thread.run(Thread.java:833)
]]>
            </full-stacktrace>
          </exception> <!-- java.io.FileNotFoundException -->
          <reporter-output>
          </reporter-output>
        </test-method> <!-- aftermethod -->
        <test-method is-config="true" signature="beforeMethod()[pri:0, instance:Meesho_TestNG_Runner.Meesho_Shopping_Runner@1d9b7cce]" started-at="2023-04-11T15:45:09 IST" name="beforeMethod" finished-at="2023-04-11T15:45:09 IST" duration-ms="0" status="SKIP">
          <reporter-output>
          </reporter-output>
        </test-method> <!-- beforeMethod -->
        <test-method signature="test2()[pri:1, instance:Meesho_TestNG_Runner.Meesho_Shopping_Runner@1d9b7cce]" started-at="2023-04-11T15:45:09 IST" name="test2" finished-at="2023-04-11T15:45:09 IST" duration-ms="0" status="SKIP">
          <exception class="java.io.FileNotFoundException">
            <message>
              <![CDATA[test-output\Screenshots\Rutu- 11-04-2023 15.45.08.jpeg (The system cannot find the path specified)]]>
            </message>
            <full-stacktrace>
              <![CDATA[java.io.FileNotFoundException: test-output\Screenshots\Rutu- 11-04-2023 15.45.08.jpeg (The system cannot find the path specified)
at java.base/java.io.FileOutputStream.open0(Native Method)
at java.base/java.io.FileOutputStream.open(FileOutputStream.java:293)
at java.base/java.io.FileOutputStream.<init>(FileOutputStream.java:235)
at java.base/java.io.FileOutputStream.<init>(FileOutputStream.java:184)
at org.openqa.selenium.io.FileHandler.copyFile(FileHandler.java:138)
at org.openqa.selenium.io.FileHandler.copy(FileHandler.java:117)
at Utility_Classes.Util1.screenshot(Util1.java:28)
at Meesho_TestNG_Runner.Meesho_Shopping_Runner.aftermethod(Meesho_Shopping_Runner.java:88)
at java.base/jdk.internal.reflect.DirectMethodHandleAccessor.invoke(DirectMethodHandleAccessor.java:104)
at java.base/java.lang.reflect.Method.invoke(Method.java:577)
at org.testng.internal.invokers.MethodInvocationHelper.invokeMethod(MethodInvocationHelper.java:135)
at org.testng.internal.invokers.MethodInvocationHelper.invokeMethodConsideringTimeout(MethodInvocationHelper.java:65)
at org.testng.internal.invokers.ConfigInvoker.invokeConfigurationMethod(ConfigInvoker.java:381)
at org.testng.internal.invokers.ConfigInvoker.invokeConfigurations(ConfigInvoker.java:319)
at org.testng.internal.invokers.TestInvoker.runConfigMethods(TestInvoker.java:803)
at org.testng.internal.invokers.TestInvoker.runAfterConfigurations(TestInvoker.java:772)
at org.testng.internal.invokers.TestInvoker.invokeMethod(TestInvoker.java:748)
at org.testng.internal.invokers.TestInvoker.invokeTestMethod(TestInvoker.java:220)
at org.testng.internal.invokers.MethodRunner.runInSequence(MethodRunner.java:50)
at org.testng.internal.invokers.TestInvoker$MethodInvocationAgent.invoke(TestInvoker.java:945)
at org.testng.internal.invokers.TestInvoker.invokeTestMethods(TestInvoker.java:193)
at org.testng.internal.invokers.TestMethodWorker.invokeTestMethods(TestMethodWorker.java:146)
at org.testng.internal.invokers.TestMethodWorker.run(TestMethodWorker.java:128)
at java.base/java.util.concurrent.ThreadPoolExecutor.runWorker(ThreadPoolExecutor.java:1136)
at java.base/java.util.concurrent.ThreadPoolExecutor$Worker.run(ThreadPoolExecutor.java:635)
at java.base/java.lang.Thread.run(Thread.java:833)
]]>
            </full-stacktrace>
          </exception> <!-- java.io.FileNotFoundException -->
          <reporter-output>
          </reporter-output>
        </test-method> <!-- test2 -->
        <test-method is-config="true" signature="aftermethod(org.testng.ITestResult)[pri:0, instance:Meesho_TestNG_Runner.Meesho_Shopping_Runner@1d9b7cce]" started-at="2023-04-11T15:45:09 IST" name="aftermethod" finished-at="2023-04-11T15:45:09 IST" duration-ms="0" status="SKIP">
          <reporter-output>
          </reporter-output>
        </test-method> <!-- aftermethod -->
        <test-method is-config="true" signature="afterclass()[pri:0, instance:Meesho_TestNG_Runner.Meesho_Shopping_Runner@1d9b7cce]" started-at="2023-04-11T15:45:09 IST" name="afterclass" finished-at="2023-04-11T15:45:09 IST" duration-ms="0" status="SKIP">
          <reporter-output>
          </reporter-output>
        </test-method> <!-- afterclass -->
        <test-method is-config="true" signature="aftertest()[pri:0, instance:Meesho_TestNG_Runner.Meesho_Shopping_Runner@1d9b7cce]" started-at="2023-04-11T15:45:09 IST" name="aftertest" finished-at="2023-04-11T15:45:09 IST" duration-ms="0" status="SKIP">
          <reporter-output>
          </reporter-output>
        </test-method> <!-- aftertest -->
      </class> <!-- Meesho_TestNG_Runner.Meesho_Shopping_Runner -->
      <class name="Meesho_TestNG_Runner.Meesho_Sign_Up_Runner">
        <test-method is-config="true" signature="beforetest(java.lang.String)[pri:0, instance:Meesho_TestNG_Runner.Meesho_Sign_Up_Runner@795cd85e]" started-at="2023-04-11T15:44:37 IST" name="beforetest" finished-at="2023-04-11T15:44:39 IST" duration-ms="2645" status="PASS">
          <params>
            <param index="0">
              <value>
                <![CDATA[Chrome]]>
              </value>
            </param>
          </params>
          <reporter-output>
          </reporter-output>
        </test-method> <!-- beforetest -->
        <test-method is-config="true" signature="beforeclass()[pri:0, instance:Meesho_TestNG_Runner.Meesho_Sign_Up_Runner@795cd85e]" started-at="2023-04-11T15:44:39 IST" name="beforeclass" finished-at="2023-04-11T15:44:54 IST" duration-ms="14675" status="PASS">
          <reporter-output>
          </reporter-output>
        </test-method> <!-- beforeclass -->
        <test-method is-config="true" signature="beforeMethod()[pri:0, instance:Meesho_TestNG_Runner.Meesho_Sign_Up_Runner@795cd85e]" started-at="2023-04-11T15:44:54 IST" name="beforeMethod" finished-at="2023-04-11T15:44:54 IST" duration-ms="0" status="PASS">
          <reporter-output>
          </reporter-output>
        </test-method> <!-- beforeMethod -->
        <test-method signature="test1()[pri:0, instance:Meesho_TestNG_Runner.Meesho_Sign_Up_Runner@795cd85e]" started-at="2023-04-11T15:44:54 IST" name="test1" finished-at="2023-04-11T15:45:05 IST" duration-ms="11038" status="PASS">
          <reporter-output>
          </reporter-output>
        </test-method> <!-- test1 -->
        <test-method is-config="true" signature="aftermethod()[pri:0, instance:Meesho_TestNG_Runner.Meesho_Sign_Up_Runner@795cd85e]" started-at="2023-04-11T15:45:05 IST" name="aftermethod" finished-at="2023-04-11T15:45:05 IST" duration-ms="1" status="PASS">
          <reporter-output>
          </reporter-output>
        </test-method> <!-- aftermethod -->
        <test-method is-config="true" signature="beforeMethod()[pri:0, instance:Meesho_TestNG_Runner.Meesho_Sign_Up_Runner@795cd85e]" started-at="2023-04-11T15:45:05 IST" name="beforeMethod" finished-at="2023-04-11T15:45:05 IST" duration-ms="0" status="PASS">
          <reporter-output>
          </reporter-output>
        </test-method> <!-- beforeMethod -->
        <test-method signature="test2()[pri:1, instance:Meesho_TestNG_Runner.Meesho_Sign_Up_Runner@795cd85e]" started-at="2023-04-11T15:45:05 IST" name="test2" finished-at="2023-04-11T15:45:05 IST" duration-ms="143" status="PASS">
          <reporter-output>
          </reporter-output>
        </test-method> <!-- test2 -->
        <test-method is-config="true" signature="aftermethod()[pri:0, instance:Meesho_TestNG_Runner.Meesho_Sign_Up_Runner@795cd85e]" started-at="2023-04-11T15:45:05 IST" name="aftermethod" finished-at="2023-04-11T15:45:05 IST" duration-ms="0" status="PASS">
          <reporter-output>
          </reporter-output>
        </test-method> <!-- aftermethod -->
        <test-method is-config="true" signature="afterclass()[pri:0, instance:Meesho_TestNG_Runner.Meesho_Sign_Up_Runner@795cd85e]" started-at="2023-04-11T15:45:05 IST" name="afterclass" finished-at="2023-04-11T15:45:05 IST" duration-ms="1" status="PASS">
          <reporter-output>
          </reporter-output>
        </test-method> <!-- afterclass -->
        <test-method is-config="true" signature="aftertest()[pri:0, instance:Meesho_TestNG_Runner.Meesho_Sign_Up_Runner@795cd85e]" started-at="2023-04-11T15:45:09 IST" name="aftertest" finished-at="2023-04-11T15:45:09 IST" duration-ms="0" status="SKIP">
          <reporter-output>
          </reporter-output>
        </test-method> <!-- aftertest -->
      </class> <!-- Meesho_TestNG_Runner.Meesho_Sign_Up_Runner -->
    </test> <!-- Test -->
  </suite> <!-- Suite -->
</testng-results>
